[    0.000000] Initializing cgroup subsys cpuset
[    0.000000] Initializing cgroup subsys cpu
[    0.000000] Initializing cgroup subsys cpuacct
[    0.000000] Linux version 4.4.0-210-generic (buildd@lgw01-amd64-009) (gcc version 5.4.0 20160609 (Ubuntu 5.4.0-6ubuntu1~16.04.12) ) #242-Ubuntu SMP Fri Apr 16 09:57:56 UTC 2021 (Ubuntu 4.4.0-210.242-generic 4.4.262)
[    0.000000] Command line: BOOT_IMAGE=/boot/vmlinuz-4.4.0-210-generic root=LABEL=cloudimg-rootfs ro console=tty1 console=ttyS0
[    0.000000] KERNEL supported cpus:
[    0.000000]   Intel GenuineIntel
[    0.000000]   AMD AuthenticAMD
[    0.000000]   Centaur CentaurHauls
[    0.000000] [Firmware Bug]: TSC doesn't count with P0 frequency!
[    0.000000] x86/fpu: Legacy x87 FPU detected.
[    0.000000] e820: BIOS-provided physical RAM map:
[    0.000000] BIOS-e820: [mem 0x0000000000000000-0x000000000009fbff] usable
[    0.000000] BIOS-e820: [mem 0x000000000009fc00-0x000000000009ffff] reserved
[    0.000000] BIOS-e820: [mem 0x00000000000f0000-0x00000000000fffff] reserved
[    0.000000] BIOS-e820: [mem 0x0000000000100000-0x000000003ffeffff] usable
[    0.000000] BIOS-e820: [mem 0x000000003fff0000-0x000000003fffffff] ACPI data
[    0.000000] BIOS-e820: [mem 0x00000000fec00000-0x00000000fec00fff] reserved
[    0.000000] BIOS-e820: [mem 0x00000000fee00000-0x00000000fee00fff] reserved
[    0.000000] BIOS-e820: [mem 0x00000000fffc0000-0x00000000ffffffff] reserved
[    0.000000] NX (Execute Disable) protection: active
[    0.000000] SMBIOS 2.5 present.
[    0.000000] Hypervisor detected: KVM
[    0.000000] Kernel/User page tables isolation: disabled
[    0.000000] e820: last_pfn = 0x3fff0 max_arch_pfn = 0x400000000
[    0.000000] MTRR: Disabled
[    0.000000] x86/PAT: MTRRs disabled, skipping PAT initialization too.
[    0.000000] CPU MTRRs all blank - virtualized system.
[    0.000000] x86/PAT: Configuration [0-7]: WB  WT  UC- UC  WB  WT  UC- UC  
[    0.000000] found SMP MP-table at [mem 0x0009fff0-0x0009ffff] mapped at [ffff88000009fff0]
[    0.000000] Scanning 1 areas for low memory corruption
[    0.000000] RAMDISK: [mem 0x362dc000-0x37165fff]
[    0.000000] ACPI: Early table checksum verification disabled
[    0.000000] ACPI: RSDP 0x00000000000E0000 000024 (v02 VBOX  )
[    0.000000] ACPI: XSDT 0x000000003FFF0030 00003C (v01 VBOX   VBOXXSDT 00000001 ASL  00000061)
[    0.000000] ACPI: FACP 0x000000003FFF00F0 0000F4 (v04 VBOX   VBOXFACP 00000001 ASL  00000061)
[    0.000000] ACPI: DSDT 0x000000003FFF0470 002325 (v02 VBOX   VBOXBIOS 00000002 INTL 20100528)
[    0.000000] ACPI: FACS 0x000000003FFF0200 000040
[    0.000000] ACPI: FACS 0x000000003FFF0200 000040
[    0.000000] ACPI: APIC 0x000000003FFF0240 00005C (v02 VBOX   VBOXAPIC 00000001 ASL  00000061)
[    0.000000] ACPI: SSDT 0x000000003FFF02A0 0001CC (v01 VBOX   VBOXCPUT 00000002 INTL 20100528)
[    0.000000] No NUMA configuration found
[    0.000000] Faking a node at [mem 0x0000000000000000-0x000000003ffeffff]
[    0.000000] NODE_DATA(0) allocated [mem 0x3ffeb000-0x3ffeffff]
[    0.000000] kvm-clock: Using msrs 4b564d01 and 4b564d00
[    0.000000] kvm-clock: cpu 0, msr 0:3ffe3001, primary cpu clock
[    0.000000] kvm-clock: using sched offset of 3824589100 cycles
[    0.000000] clocksource: kvm-clock: mask: 0xffffffffffffffff max_cycles: 0x1cd42e4dffb, max_idle_ns: 881590591483 ns
[    0.000000] Zone ranges:
[    0.000000]   DMA      [mem 0x0000000000001000-0x0000000000ffffff]
[    0.000000]   DMA32    [mem 0x0000000001000000-0x000000003ffeffff]
[    0.000000]   Normal   empty
[    0.000000]   Device   empty
[    0.000000] Movable zone start for each node
[    0.000000] Early memory node ranges
[    0.000000]   node   0: [mem 0x0000000000001000-0x000000000009efff]
[    0.000000]   node   0: [mem 0x0000000000100000-0x000000003ffeffff]
[    0.000000] Initmem setup node 0 [mem 0x0000000000001000-0x000000003ffeffff]
[    0.000000] ACPI: PM-Timer IO Port: 0x4008
[    0.000000] IOAPIC[0]: apic_id 2, version 32, address 0xfec00000, GSI 0-23
[    0.000000] ACPI: INT_SRC_OVR (bus 0 bus_irq 0 global_irq 2 dfl dfl)
[    0.000000] ACPI: INT_SRC_OVR (bus 0 bus_irq 9 global_irq 9 low level)
[    0.000000] Using ACPI (MADT) for SMP configuration information
[    0.000000] smpboot: Allowing 2 CPUs, 0 hotplug CPUs
[    0.000000] PM: Registered nosave memory: [mem 0x00000000-0x00000fff]
[    0.000000] PM: Registered nosave memory: [mem 0x0009f000-0x0009ffff]
[    0.000000] PM: Registered nosave memory: [mem 0x000a0000-0x000effff]
[    0.000000] PM: Registered nosave memory: [mem 0x000f0000-0x000fffff]
[    0.000000] e820: [mem 0x40000000-0xfebfffff] available for PCI devices
[    0.000000] Booting paravirtualized kernel on KVM
[    0.000000] clocksource: refined-jiffies: mask: 0xffffffff max_cycles: 0xffffffff, max_idle_ns: 7645519600211568 ns
[    0.000000] setup_percpu: NR_CPUS:512 nr_cpumask_bits:512 nr_cpu_ids:2 nr_node_ids:1
[    0.000000] PERCPU: Embedded 33 pages/cpu @ffff88003fc00000 s95192 r8192 d31784 u1048576
[    0.000000] Built 1 zonelists in Node order, mobility grouping on.  Total pages: 257912
[    0.000000] Policy zone: DMA32
[    0.000000] Kernel command line: BOOT_IMAGE=/boot/vmlinuz-4.4.0-210-generic root=LABEL=cloudimg-rootfs ro console=tty1 console=ttyS0
[    0.000000] PID hash table entries: 4096 (order: 3, 32768 bytes)
[    0.000000] Memory: 997792K/1048120K available (8644K kernel code, 1332K rwdata, 4044K rodata, 1492K init, 1164K bss, 50328K reserved, 0K cma-reserved)
[    0.000000] SLUB: HWalign=64, Order=0-3, MinObjects=0, CPUs=2, Nodes=1
[    0.000000] Hierarchical RCU implementation.
[    0.000000] 	Build-time adjustment of leaf fanout to 64.
[    0.000000] 	RCU restricting CPUs from NR_CPUS=512 to nr_cpu_ids=2.
[    0.000000] RCU: Adjusting geometry for rcu_fanout_leaf=64, nr_cpu_ids=2
[    0.000000] NR_IRQS:33024 nr_irqs:440 16
[    0.000000] Console: colour VGA+ 80x25
[    0.000000] console [tty1] enabled
[    0.000000] console [ttyS0] enabled
[    0.000000] tsc: Detected 2894.570 MHz processor
[    0.463634] Calibrating delay loop (skipped) preset value.. 5789.14 BogoMIPS (lpj=11578280)
[    0.469833] pid_max: default: 32768 minimum: 301
[    0.472973] ACPI: Core revision 20150930
[    0.476677] ACPI: 2 ACPI AML tables successfully acquired and loaded
[    0.481717] Security Framework initialized
[    0.484710] Yama: becoming mindful.
[    0.487316] AppArmor: AppArmor initialized
[    0.490422] Dentry cache hash table entries: 131072 (order: 8, 1048576 bytes)
[    0.500587] Inode-cache hash table entries: 65536 (order: 7, 524288 bytes)
[    0.507674] Mount-cache hash table entries: 2048 (order: 2, 16384 bytes)
[    0.513941] Mountpoint-cache hash table entries: 2048 (order: 2, 16384 bytes)
[    0.522251] Initializing cgroup subsys io
[    0.525612] Initializing cgroup subsys memory
[    0.530320] Initializing cgroup subsys devices
[    0.533709] Initializing cgroup subsys freezer
[    0.537603] Initializing cgroup subsys net_cls
[    0.542798] Initializing cgroup subsys perf_event
[    0.546946] Initializing cgroup subsys net_prio
[    0.550488] Initializing cgroup subsys hugetlb
[    0.553713] Initializing cgroup subsys pids
[    0.557525] mce: CPU supports 0 MCE banks
[    0.561052] Last level iTLB entries: 4KB 1024, 2MB 1024, 4MB 512
[    0.567547] Last level dTLB entries: 4KB 2048, 2MB 2048, 4MB 1024, 1GB 0
[    0.572360] Spectre V1 : Mitigation: usercopy/swapgs barriers and __user pointer sanitization
[    0.580862] Spectre V2 : Spectre mitigation: LFENCE not serializing, switching to generic retpoline
[    0.589900] Spectre V2 : Mitigation: Full generic retpoline
[    0.593857] Spectre V2 : Spectre v2 / SpectreRSB mitigation: Filling RSB on context switch
[    0.600227] Speculative Store Bypass: Mitigation: Speculative Store Bypass disabled via prctl and seccomp
[    0.636777] Freeing SMP alternatives memory: 36K
[    0.704686] ftrace: allocating 32380 entries in 127 pages
[    1.165118] smpboot: APIC(0) Converting physical 0 to logical package 0
[    1.171134] smpboot: Max logical packages: 1
[    1.185136] ..TIMER: vector=0x30 apic1=0 pin1=2 apic2=-1 pin2=-1
[    1.299138] smpboot: CPU0: AMD Ryzen 7 4800H with Radeon Graphics (family: 0x17, model: 0x60, stepping: 0x1)
[    1.308470] Performance Events: Broken PMU hardware detected, using software events only.
[    1.314343] Failed to access perfctr msr (MSR c0010007 is 0)
[    1.384444] KVM setup paravirtual spinlock
[    1.391501] x86: Booting SMP configuration:
[    1.394947] .... node  #0, CPUs:      #1
[    1.399306] kvm-clock: cpu 1, msr 0:3ffe3041, secondary cpu clock
[    1.404037] mce: CPU supports 0 MCE banks
[    1.407553] TSC synchronization [CPU#0 -> CPU#1]:
[    1.410887] Measured 77980 cycles TSC warp between CPUs, turning off TSC clock.
[    1.415604] tsc: Marking TSC unstable due to check_tsc_sync_source failed
[    0.456498] x86: Booted up 1 node, 2 CPUs
[    0.460003] smpboot: Total of 2 processors activated (11578.28 BogoMIPS)
[    0.468152] devtmpfs: initialized
[    0.473009] evm: security.selinux
[    0.475453] evm: security.SMACK64
[    0.476003] evm: security.SMACK64EXEC
[    0.480003] evm: security.SMACK64TRANSMUTE
[    0.482902] evm: security.SMACK64MMAP
[    0.484004] evm: security.ima
[    0.488002] evm: security.capability
[    0.492334] clocksource: jiffies: mask: 0xffffffff max_cycles: 0xffffffff, max_idle_ns: 7645041785100000 ns
[    0.496032] futex hash table entries: 512 (order: 3, 32768 bytes)
[    0.504334] pinctrl core: initialized pinctrl subsystem
[    0.508355] RTC time:  9:26:43, date: 12/14/21
[    0.512991] NET: Registered protocol family 16
[    0.528013] cpuidle: using governor ladder
[    0.540019] cpuidle: using governor menu
[    0.544091] PCCT header not found.
[    0.549866] ACPI: bus type PCI registered
[    0.552005] acpiphp: ACPI Hot Plug PCI Controller Driver version: 0.5
[    0.556422] PCI: Using configuration type 1 for base access
[    0.560002] PCI: Using configuration type 1 for extended access
[    0.580302] ACPI: Added _OSI(Module Device)
[    0.584004] ACPI: Added _OSI(Processor Device)
[    0.588006] ACPI: Added _OSI(3.0 _SCP Extensions)
[    0.592004] ACPI: Added _OSI(Processor Aggregator Device)
[    0.596857] ACPI: Executed 1 blocks of module-level executable AML code
[    0.605199] ACPI: Interpreter enabled
[    0.607753] ACPI: (supports S0 S5)
[    0.608006] ACPI: Using IOAPIC for interrupt routing
[    0.612298] PCI: Using host bridge windows from ACPI; if necessary, use "pci=nocrs" and report a bug
[    0.622797] ACPI: PCI Root Bridge [PCI0] (domain 0000 [bus 00-ff])
[    0.624016] acpi PNP0A03:00: _OSC: OS supports [ExtendedConfig ASPM ClockPM Segments MSI]
[    0.629072] acpi PNP0A03:00: _OSC: platform does not support [PCIeCapability]
[    0.632513] acpi PNP0A03:00: _OSC: not requesting control; platform does not support [PCIeCapability]
[    0.636007] acpi PNP0A03:00: _OSC: OS requested [PCIeHotplug PME AER PCIeCapability]
[    0.644008] acpi PNP0A03:00: _OSC: platform willing to grant [PCIeHotplug PME AER]
[    0.648006] acpi PNP0A03:00: _OSC failed (AE_SUPPORT); disabling ASPM
[    0.656101] PCI host bridge to bus 0000:00
[    0.658940] pci_bus 0000:00: root bus resource [io  0x0000-0x0cf7 window]
[    0.660007] pci_bus 0000:00: root bus resource [io  0x0d00-0xffff window]
[    0.664008] pci_bus 0000:00: root bus resource [mem 0x000a0000-0x000bffff window]
[    0.668004] pci_bus 0000:00: root bus resource [mem 0x40000000-0xfdffffff window]
[    0.672007] pci_bus 0000:00: root bus resource [bus 00-ff]
[    0.683350] pci 0000:00:01.1: legacy IDE quirk: reg 0x10: [io  0x01f0-0x01f7]
[    0.684006] pci 0000:00:01.1: legacy IDE quirk: reg 0x14: [io  0x03f6]
[    0.688004] pci 0000:00:01.1: legacy IDE quirk: reg 0x18: [io  0x0170-0x0177]
[    0.692005] pci 0000:00:01.1: legacy IDE quirk: reg 0x1c: [io  0x0376]
[    0.757470] pci 0000:00:07.0: quirk: [io  0x4000-0x403f] claimed by PIIX4 ACPI
[    0.760039] pci 0000:00:07.0: quirk: [io  0x4100-0x410f] claimed by PIIX4 SMB
[    0.773381] ACPI: PCI Interrupt Link [LNKA] (IRQs 5 9 10 *11)
[    0.780042] ACPI: PCI Interrupt Link [LNKB] (IRQs 5 9 *10 11)
[    0.785574] ACPI: PCI Interrupt Link [LNKC] (IRQs 5 *9 10 11)
[    0.790420] ACPI: PCI Interrupt Link [LNKD] (IRQs 5 9 10 *11)
[    0.797466] ACPI: Enabled 2 GPEs in block 00 to 07
[    0.800215] vgaarb: setting as boot device: PCI:0000:00:02.0
[    0.804000] vgaarb: device added: PCI:0000:00:02.0,decodes=io+mem,owns=io+mem,locks=none
[    0.804007] vgaarb: loaded
[    0.805974] vgaarb: bridge control possible 0000:00:02.0
[    0.808350] SCSI subsystem initialized
[    0.812532] ACPI: bus type USB registered
[    0.816095] usbcore: registered new interface driver usbfs
[    0.820032] usbcore: registered new interface driver hub
[    0.824018] usbcore: registered new device driver usb
[    0.828390] PCI: Using ACPI for IRQ routing
[    0.836732] NetLabel: Initializing
[    0.844004] NetLabel:  domain hash size = 128
[    0.852005] NetLabel:  protocols = UNLABELED CIPSOv4
[    0.860016] NetLabel:  unlabeled traffic allowed by default
[    0.868038] amd_nb: Cannot enumerate AMD northbridges
[    0.872157] clocksource: Switched to clocksource kvm-clock
[    0.908666] AppArmor: AppArmor Filesystem Enabled
[    0.913007] pnp: PnP ACPI init
[    0.917114] pnp: PnP ACPI: found 3 devices
[    0.951865] clocksource: acpi_pm: mask: 0xffffff max_cycles: 0xffffff, max_idle_ns: 2085701024 ns
[    0.958903] NET: Registered protocol family 2
[    0.963452] TCP established hash table entries: 8192 (order: 4, 65536 bytes)
[    0.969000] TCP bind hash table entries: 8192 (order: 5, 131072 bytes)
[    0.974216] TCP: Hash tables configured (established 8192 bind 8192)
[    0.979922] UDP hash table entries: 512 (order: 2, 16384 bytes)
[    0.985463] UDP-Lite hash table entries: 512 (order: 2, 16384 bytes)
[    0.990318] NET: Registered protocol family 1
[    0.993804] pci 0000:00:00.0: Limiting direct PCI/PCI transfers
[    0.998293] pci 0000:00:01.0: Activating ISA DMA hang workarounds
[    1.003170] Unpacking initramfs...
[    1.373250] Freeing initrd memory: 14888K
[    1.376814] clocksource: tsc: mask: 0xffffffffffffffff max_cycles: 0x29b9392badc, max_idle_ns: 440795202126 ns
[    1.384388] platform rtc_cmos: registered platform RTC device (no PNP device found)
[    1.390162] Scanning for low memory corruption every 60 seconds
[    1.396710] audit: initializing netlink subsys (disabled)
[    1.400813] audit: type=2000 audit(1639474008.722:1): initialized
[    1.405474] Initialise system trusted keyring
[    1.411707] HugeTLB registered 2 MB page size, pre-allocated 0 pages
[    1.418038] zbud: loaded
[    1.421214] VFS: Disk quotas dquot_6.6.0
[    1.423947] VFS: Dquot-cache hash table entries: 512 (order 0, 4096 bytes)
[    1.429166] squashfs: version 4.0 (2009/01/31) Phillip Lougher
[    1.434511] fuse init (API version 7.23)
[    1.437926] Key type big_key registered
[    1.440743] Allocating IMA MOK and blacklist keyrings.
[    1.456528] Key type asymmetric registered
[    1.459896] Asymmetric key parser 'x509' registered
[    1.464676] Block layer SCSI generic (bsg) driver version 0.4 loaded (major 249)
[    1.471401] io scheduler noop registered
[    1.474501] io scheduler deadline registered (default)
[    1.478274] io scheduler cfq registered
[    1.481047] pci_hotplug: PCI Hot Plug PCI Core version: 0.5
[    1.485789] pciehp: PCI Express Hot Plug Controller Driver version: 0.4
[    1.490581] ACPI: AC Adapter [AC] (on-line)
[    1.493802] input: Power Button as /devices/LNXSYSTM:00/LNXPWRBN:00/input/input0
[    1.499159] ACPI: Power Button [PWRF]
[    1.502024] input: Sleep Button as /devices/LNXSYSTM:00/LNXSLPBN:00/input/input1
[    1.507272] ACPI: Sleep Button [SLPF]
[    1.512239] GHES: HEST is not enabled!
[    1.512634] ACPI: Battery Slot [BAT0] (battery present)
[    1.518995] Serial: 8250/16550 driver, 32 ports, IRQ sharing enabled
[    1.548318] 00:02: ttyS0 at I/O 0x3f8 (irq = 4, base_baud = 115200) is a 16550A
[    1.567050] Linux agpgart interface v0.103
[    1.583363] loop: module loaded
[    1.588399] scsi host0: ata_piix
[    1.591582] scsi host1: ata_piix
[    1.594793] ata1: PATA max UDMA/33 cmd 0x1f0 ctl 0x3f6 bmdma 0xd000 irq 14
[    1.599767] ata2: PATA max UDMA/33 cmd 0x170 ctl 0x376 bmdma 0xd008 irq 15
[    1.605097] libphy: Fixed MDIO Bus: probed
[    1.608603] tun: Universal TUN/TAP device driver, 1.6
[    1.612509] tun: (C) 1999-2004 Max Krasnyansky <maxk@qualcomm.com>
[    1.617584] PPP generic driver version 2.4.2
[    1.621390] ehci_hcd: USB 2.0 'Enhanced' Host Controller (EHCI) Driver
[    1.626107] ehci-pci: EHCI PCI platform driver
[    1.629707] ehci-platform: EHCI generic platform driver
[    1.633609] ohci_hcd: USB 1.1 'Open' Host Controller (OHCI) Driver
[    1.638152] ohci-pci: OHCI PCI platform driver
[    1.641698] ohci-platform: OHCI generic platform driver
[    1.645596] uhci_hcd: USB Universal Host Controller Interface driver
[    1.650334] i8042: PNP: PS/2 Controller [PNP0303:PS2K,PNP0f03:PS2M] at 0x60,0x64 irq 1,12
[    1.658935] serio: i8042 KBD port at 0x60,0x64 irq 1
[    1.662957] serio: i8042 AUX port at 0x60,0x64 irq 12
[    1.667603] mousedev: PS/2 mouse device common for all mice
[    1.673934] input: AT Translated Set 2 keyboard as /devices/platform/i8042/serio0/input/input2
[    1.682938] rtc_cmos rtc_cmos: rtc core: registered rtc_cmos as rtc0
[    1.688031] rtc_cmos rtc_cmos: alarms up to one day, 114 bytes nvram
[    1.692760] i2c /dev entries driver
[    1.695547] device-mapper: uevent: version 1.0.3
[    1.699312] device-mapper: ioctl: 4.34.0-ioctl (2015-10-28) initialised: dm-devel@redhat.com
[    1.705208] ledtrig-cpu: registered to indicate activity on CPUs
[    1.712601] NET: Registered protocol family 10
[    1.716957] NET: Registered protocol family 17
[    1.720832] Key type dns_resolver registered
[    1.726421] registered taskstats version 1
[    1.729778] Loading compiled-in X.509 certificates
[    1.733803] Loaded X.509 cert 'Build time autogenerated kernel key: cf00e047681d67edb2720680708b7d9498083038'
[    1.740954] zswap: loaded using pool lzo/zbud
[    1.749020] Key type trusted registered
[    1.783500] Key type encrypted registered
[    1.786850] AppArmor: AppArmor sha1 policy hashing enabled
[    1.791259] ima: No TPM chip found, activating TPM-bypass!
[    1.795321] ima: Allocated hash algorithm: sha1
[    1.798537] evm: HMAC attrs: 0x1
[    1.804271]   Magic number: 1:417:424
[    1.808774] rtc_cmos rtc_cmos: setting system clock to 2021-12-14 09:26:44 UTC (1639474004)
[    1.814947] BIOS EDD facility v0.16 2004-Jun-25, 0 devices found
[    1.819491] EDD information not available.
[    1.824720] Freeing unused kernel memory: 1492K
[    1.853998] Write protecting the kernel read-only data: 14336k
[    1.861057] Freeing unused kernel memory: 1584K
[    1.865606] Freeing unused kernel memory: 52K
Loading, please wait...
starting version 229
[    1.887541] random: systemd-udevd: uninitialized urandom read (16 bytes read, 5 bits of entropy available)
[    1.887518] random: udevadm: uninitialized urandom read (16 bytes read, 5 bits of entropy available)
[    1.887530] random: udevadm: uninitialized urandom read (16 bytes read, 5 bits of entropy available)
[    1.897330] random: udevadm: uninitialized urandom read (16 bytes read, 5 bits of entropy available)
[    1.897375] random: udevadm: uninitialized urandom read (16 bytes read, 5 bits of entropy available)
[    1.897483] random: udevadm: uninitialized urandom read (16 bytes read, 5 bits of entropy available)
[    1.897557] random: udevadm: uninitialized urandom read (16 bytes read, 5 bits of entropy available)
[    1.897586] random: udevadm: uninitialized urandom read (16 bytes read, 5 bits of entropy available)
[    1.897612] random: udevadm: uninitialized urandom read (16 bytes read, 5 bits of entropy available)
[    1.897684] random: udevadm: uninitialized urandom read (16 bytes read, 5 bits of entropy available)
[    1.982820] e1000: Intel(R) PRO/1000 Network Driver - version 7.3.21-k8-NAPI
[    1.985972] e1000: Copyright (c) 1999-2006 Intel Corporation.
[    2.010736] Fusion MPT base driver 3.04.20
[    2.014932] Copyright (c) 1999-2008 LSI Corporation
[    2.030580] Fusion MPT SPI Host driver 3.04.20
[    2.533185] e1000 0000:00:03.0 eth0: (PCI:33MHz:32-bit) 02:be:82:6b:cc:1d
[    2.538970] e1000 0000:00:03.0 eth0: Intel(R) PRO/1000 Network Connection
[    2.550525] e1000 0000:00:03.0 enp0s3: renamed from eth0
[    2.556076] mptbase: ioc0: Initiating bringup
[    2.566128] input: ImExPS/2 Generic Explorer Mouse as /devices/platform/i8042/serio1/input/input4
[    2.638851] ioc0: LSI53C1030 A0: Capabilities={Initiator}
[    2.852082] scsi host2: ioc0: LSI53C1030 A0, FwRev=00000000h, Ports=1, MaxQ=256, IRQ=20
[    2.974865] scsi 2:0:0:0: Direct-Access     VBOX     HARDDISK         1.0  PQ: 0 ANSI: 5
[    2.981548] scsi target2:0:0: Beginning Domain Validation
[    2.991370] scsi target2:0:0: Domain Validation skipping write tests
[    2.996493] scsi target2:0:0: Ending Domain Validation
[    3.000855] scsi target2:0:0: asynchronous
[    3.006976] scsi 2:0:1:0: Direct-Access     VBOX     HARDDISK         1.0  PQ: 0 ANSI: 5
[    3.027191] scsi target2:0:1: Beginning Domain Validation
[    3.036479] scsi target2:0:1: Domain Validation skipping write tests
[    3.041062] scsi target2:0:1: Ending Domain Validation
[    3.045178] scsi target2:0:1: asynchronous
[    3.071591] sd 2:0:0:0: Attached scsi generic sg0 type 0
[    3.072217] sd 2:0:0:0: [sda] 83886080 512-byte logical blocks: (42.9 GB/40.0 GiB)
[    3.072858] sd 2:0:0:0: [sda] Write Protect is off
[    3.073282] sd 2:0:0:0: [sda] Incomplete mode parameter data
[    3.073283] sd 2:0:0:0: [sda] Assuming drive cache: write through
[    3.093277]  sda: sda1
[    3.096182] sd 2:0:0:0: [sda] Attached SCSI disk
[    3.101015] sd 2:0:1:0: Attached scsi generic sg1 type 0
[    3.101036] sd 2:0:1:0: [sdb] 20480 512-byte logical blocks: (10.5 MB/10.0 MiB)
[    3.111299] sd 2:0:1:0: [sdb] Write Protect is off
[    3.116658] sd 2:0:1:0: [sdb] Incomplete mode parameter data
[    3.120602] sd 2:0:1:0: [sdb] Assuming drive cache: write through
[    3.132526] sd 2:0:1:0: [sdb] Attached SCSI disk
Begin: Loading essential drivers ... [    4.570467] md: linear personality registered for level -1
[    4.578542] md: multipath personality registered for level -4
[    4.585405] md: raid0 personality registered for level 0
[    4.600798] md: raid1 personality registered for level 1
[    4.676485] raid6: sse2x1   gen()  8481 MB/s
[    4.744812] raid6: sse2x1   xor()  8738 MB/s
[    4.816127] raid6: sse2x2   gen() 17588 MB/s
[    4.884552] raid6: sse2x2   xor() 11780 MB/s
[    4.952053] raid6: sse2x4   gen() 18589 MB/s
[    5.021140] raid6: sse2x4   xor() 10253 MB/s
[    5.025383] raid6: using algorithm sse2x4 gen() 18589 MB/s
[    5.029974] raid6: .... xor() 10253 MB/s, rmw enabled
[    5.034166] raid6: using ssse3x2 recovery algorithm
[    5.040302] xor: measuring software checksum speed
[    5.080123]    prefetch64-sse: 20277.000 MB/sec
[    5.120094]    generic_sse: 19223.000 MB/sec
[    5.123675] xor: using function: prefetch64-sse (20277.000 MB/sec)
[    5.130767] async_tx: api initialized (async)
[    5.165188] md: raid6 personality registered for level 6
[    5.169581] md: raid5 personality registered for level 5
[    5.173732] md: raid4 personality registered for level 4
[    5.194237] md: raid10 personality registered for level 10
done.
Begin: Running /scripts/init-premount ... done.
Begin: Mounting root file system ... Begin: Running /scripts/local-top ... done.
Begin: Running /scripts/local-premount ... [    5.258658] Btrfs loaded
Scanning for Btrfs filesystems
done.
Warning: fsck not present, so skipping root file system
[    5.318063] EXT4-fs (sda1): mounted filesystem with ordered data mode. Opts: (null)
done.
Begin: Running /scripts/local-bottom ... done.
Begin: Running /scripts/init-bottom ... done.
[    5.463634] systemd[1]: systemd 229 running in system mode. (+PAM +AUDIT +SELINUX +IMA +APPARMOR +SMACK +SYSVINIT +UTMP +LIBCRYPTSETUP +GCRYPT +GNUTLS +ACL +XZ -LZ4 +SECCOMP +BLKID +ELFUTILS +KMOD -IDN)
[    5.476376] systemd[1]: Detected virtualization oracle.
[    5.480222] systemd[1]: Detected architecture x86-64.

Welcome to [1mUbuntu 16.04.7 LTS[0m!

[    5.492549] systemd[1]: Set hostname to <ubuntu>.
[    5.502862] systemd[1]: Initializing machine ID from random generator.
[    5.507723] systemd[1]: Installed transient /etc/machine-id file.
[    5.666817] systemd[1]: Set up automount Arbitrary Executable File Formats File System Automount Point.
[[0;32m  OK  [0m] Set up automount Arbitrary Executab...ats File System Automount Point.
[    5.678244] systemd[1]: Listening on fsck to fsckd communication Socket.
[[0;32m  OK  [0m] Listening on fsck to fsckd communication Socket.
[    5.687628] systemd[1]: Listening on udev Control Socket.
[[0;32m  OK  [0m] Listening on udev Control Socket.
[    5.695962] systemd[1]: Listening on Journal Socket.
[[0;32m  OK  [0m] Listening on Journal Socket.
[    5.703713] systemd[1]: Reached target User and Group Name Lookups.
[[0;32m  OK  [0m] Reached target User and Group Name Lookups.
[    5.712792] systemd[1]: Listening on LVM2 metadata daemon socket.
[[0;32m  OK  [0m] Listening on LVM2 metadata daemon socket.
[    5.722043] systemd[1]: Listening on Journal Audit Socket.
[[0;32m  OK  [0m] Listening on Journal Audit Socket.
[    5.730413] systemd[1]: Started Trigger resolvconf update for networkd DNS.
[[0;32m  OK  [0m] Started Trigger resolvconf update for networkd DNS.
[    5.740381] systemd[1]: Listening on Device-mapper event daemon FIFOs.
[[0;32m  OK  [0m] Listening on Device-mapper event daemon FIFOs.
[    5.749723] systemd[1]: Started Forward Password Requests to Wall Directory Watch.
[[0;32m  OK  [0m] Started Forward Password Requests to Wall Directory Watch.
[    5.760546] systemd[1]: Listening on Syslog Socket.
[[0;32m  OK  [0m] Listening on Syslog Socket.
[    5.768406] systemd[1]: Reached target Encrypted Volumes.
[[0;32m  OK  [0m] Reached target Encrypted Volumes.
[    5.776830] systemd[1]: Created slice System Slice.
[[0;32m  OK  [0m] Created slice System Slice.
[    5.801844] systemd[1]: Starting Load Kernel Modules...
         Starting Load Kernel Modules...
[    5.811482] systemd[1]: Mounting POSIX Message Queue File System...
         Mounting POSIX Message Queue File System...
[    5.820281] Loading iSCSI transport class v2.0-870.
[    5.821409] systemd[1]: Starting Create list of required static device nodes for the current kernel...
         Starting Create list of required st... nodes for the current kernel...
[    5.835742] systemd[1]: Created slice system-serial\x2dgetty.slice.
[[0;32m  OK  [0m] [    5.847634] iscsi: registered transport (tcp)
Created slice system-serial\x2dgetty.slice.
[    5.865109] systemd[1]: Starting Monitoring of LVM2 mirrors, snapshots etc. using dmeventd or progress polling...
         Starting Monitoring of LVM2 mirrors... dmeventd or progress polling...
[    5.882033] systemd[1]: Listening on Journal Socket (/dev/log).
[[0;32m  OK  [0m] Listening on Journal Socket (/dev/log).
[    5.898099] systemd[1]: Starting Journal Service...
         Starting Journal Service...
[    5.917593] systemd[1]: Starting Set console keymap...
         Starting Set console keymap...
[    5.930040] systemd[1]: Created slice User and Session Slice.
[[0;32m  OK  [0m] Created slice User and Session Slice.
[    5.946118] systemd[1]: Reached target Slices.
[[0;32m  OK  [0m] Reached target Slices.
[    5.973758] iscsi: registered transport (iser)
[    5.977590] systemd[1]: Mounting Huge Pages File System...
         Mounting Huge Pages File System...
[    5.986620] systemd[1]: Listening on udev Kernel Socket.
[[0;32m  OK  [0m] Listening on udev Kernel Socket.
[    5.996809] systemd[1]: Mounting Debug File System...
         Mounting Debug File System...
[    6.005023] systemd[1]: Starting File System Check on Root Device...
         Starting File System Check on Root Device...
[    6.015231] systemd[1]: Reached target System Time Synchronized.
[[0;32m  OK  [0m] Reached target System Time Synchronized.
[    6.029515] systemd[1]: Starting Nameserver information manager...
         Starting Nameserver information manager...
[    6.039624] systemd[1]: Starting Uncomplicated firewall...
         Starting Uncomplicated firewall...
[    6.048450] systemd[1]: Listening on LVM2 poll daemon socket.
[[0;32m  OK  [0m] Listening on LVM2 poll daemon socket.
[    6.057100] systemd[1]: Reached target Swap.
[[0;32m  OK  [0m] Reached target Swap.
[    6.064482] systemd[1]: Listening on /dev/initctl Compatibility Named Pipe.
[[0;32m  OK  [0m] Listening on /dev/initctl Compatibility Named Pipe.
[    6.086651] systemd[1]: Mounted Huge Pages File System.
[[0;32m  OK  [0m] Mounted Huge Pages File System.
[    6.093777] systemd[1]: Mounted POSIX Message Queue File System.
[[0;32m  OK  [0m] Mounted POSIX Message Queue File System.
[    6.101382] systemd[1]: Mounted Debug File System.
[[0;32m  OK  [0m] Mounted Debug File System.
[    6.107695] systemd[1]: Started Journal Service.
[[0;32m  OK  [0m] Started Journal Service.
[[0;32m  OK  [0m] Started Load Kernel Modules.
[[0;32m  OK  [0m] Started Create list of required sta...ce nodes for the current kernel.
[[0;32m  OK  [0m] Started Set console keymap.
[[0;32m  OK  [0m] Started File System Check on Root Device.
[[0;32m  OK  [0m] Started Uncomplicated firewall.
[[0;32m  OK  [0m] Started Nameserver information manager.
[[0;32m  OK  [0m] Started File System Check Daemon to report status.
[[0;32m  OK  [0m] Started LVM2 metadata daemon.
         Starting Remount Root and Kernel File Systems...
[    6.187237] EXT4-fs (sda1): re-mounted. Opts: (null)
         Starting Create Static Device Nodes in /dev...
         Starting Apply Kernel Variables...
         Mounting FUSE Control File System...
[[0;32m  OK  [0m] Mounted FUSE Control File System.
[[0;32m  OK  [0m] Started Remount Root and Kernel File Systems.
[[0;32m  OK  [0m] Started Create Static Device Nodes in /dev.
[[0;32m  OK  [0m] Started Apply Kernel Variables.
         Starting udev Kernel Device Manager...
         Starting Flush Journal to Persistent Storage...
         Starting udev Coldplug all Devices...
         Starting Load/Save Random Seed...
[[0;32m  OK  [0m] Started Load/Save Random Seed.
[[0;32m  OK  [0m] Started Flush Journal to Persistent Storage.
[[0;32m  OK  [0m] Started udev Kernel Device Manager.
[[0;32m  OK  [0m] Started udev Coldplug all Devices.
[[0;32m  OK  [0m] Started Dispatch Password Requests to Console Directory Watch.
[[0;32m  OK  [0m] Found device /dev/ttyS0.
[[0;32m  OK  [0m] Listening on Load/Save RF Kill Switch Status /dev/rfkill Watch.
[[0;32m  OK  [0m] Started Monitoring of LVM2 mirrors,...ng dmeventd or progress polling.
[[0;32m  OK  [0m] Reached target Local File Systems (Pre).
[[0;32m  OK  [0m] Reached target Local File Systems.
         Starting Initial cloud-init job (pre-networking)...
         Starting Create Volatile Files and Directories...
         Starting LSB: AppArmor initialization...
         Starting Commit a transient machine-id on disk...
         Starting Set console font and keymap...
         Starting Tell Plymouth To Write Out Runtime Data...
[[0;32m  OK  [0m] Started Create Volatile Files and Directories.
[[0;32m  OK  [0m] Started Commit a transient machine-id on disk.
[[0;32m  OK  [0m] Started Tell Plymouth To Write Out Runtime Data.
         Starting Update UTMP about System Boot/Shutdown...
[[0;32m  OK  [0m] Started Update UTMP about System Boot/Shutdown.
[[0;32m  OK  [0m] Started Set console font and keymap.
[[0;32m  OK  [0m] Created slice system-getty.slice.
[[0;32m  OK  [0m] Started LSB: AppArmor initialization.
         Starting Load AppArmor profiles managed internally by snapd...
[[0;32m  OK  [0m] Started Load AppArmor profiles managed internally by snapd.
[    8.551016] cloud-init[578]: Cloud-init v. 21.1-19-gbad84ad4-0ubuntu1~16.04.2 running 'init-local' at Tue, 14 Dec 2021 09:26:50 +0000. Up 8.16 seconds.
[[0;32m  OK  [0m] Started Initial cloud-init job (pre-networking).
[[0;32m  OK  [0m] Reached target Network (Pre).
         Starting Raise network interfaces...
[[0;32m  OK  [0m] Started Raise network interfaces.
         Starting Initial cloud-init job (metadata service crawler)...
[[0;32m  OK  [0m] Reached target Network.
[    9.494417] cloud-init[930]: Cloud-init v. 21.1-19-gbad84ad4-0ubuntu1~16.04.2 running 'init' at Tue, 14 Dec 2021 09:26:51 +0000. Up 9.06 seconds.
[    9.499240] cloud-init[930]: ci-info: ++++++++++++++++++++++++++++++++++++++Net device info++++++++++++++++++++++++++++++++++++++
[    9.505820] cloud-init[930]: ci-info: +--------+------+----------------------------+---------------+--------+-------------------+
[    9.512075] cloud-init[930]: ci-info: | Device |  Up  |          Address           |      Mask     | Scope  |     Hw-Address    |
[    9.518199] cloud-init[930]: ci-info: +--------+------+----------------------------+---------------+--------+-------------------+
[    9.524465] cloud-init[930]: ci-info: | enp0s3 | True |         10.0.2.15          | 255.255.255.0 | global | 02:be:82:6b:cc:1d |
[    9.530569] cloud-init[930]: [[0;32m  OK  [0m] Started Initial cloud-init job (metadata service crawler).
[[0;32m  OK  [0m] Reached target Network is Online.
ci-info: | enp0s3 | True | fe80::be:82ff:fe6b:cc1d/64 |       .       |  link  | 02:be:82:6b:cc:1d |
[    9.539167] cloud-init[930]: ci-info: |   lo   | True |         127.0.0.1          |   255.0.0.0   |  host  |         .         |
         Starting iSCSI initiator daemon (iscsid)...
[[0;32m  OK  [0m] Reached target System Initialization.
[    9.546731] [[0;32m  OK  [0m] Started Message of the Day.
[[0;32m  OK  [0m] Listening on ACPID Listen Socket.
[[0;32m  OK  [0m] Started Daily Cleanup of Temporary Directories.
[[0;32m  OK  [0m] Listening on D-Bus System Message Bus Socket.
[[0;32m  OK  [0m] Listening on UUID daemon activation socket.
cloud-init[930]: ci-info: |   lo   | True |          ::1/128           |       .       |  host  |         .         |
[    9.560473] cloud-init[930]: ci-info: +--------+------+----------------------------+---------------+--------+-------------------+
[    9.561546] cloud-init[930]: ci-info: +++++++++++++++++++++++++++Route IPv4 info++++++++++++++++++++++++++++
[    9.561571] cloud-init[930]: ci-info: +-------+-------------+----------+---------------+-----------+-------+
[    9.561909] cloud-init[930]: ci-info: | Route | Destination | Gateway  |    Genmask    | Interface | Flags |
[    9.562196] cloud-init[930]: ci-info: +-------+-------------+----------+---------------+-----------+-------+
[    9.562497] cloud-init[930]: ci-info: |   0   |   0.0.0.0   | 10.0.2.2 |    0.0.0.0    |   enp0s3  |   UG  |
[    9.562785] cloud-init[930]: ci-info: |   1   |   10.0.2.0  | 0.0.0.0  | 255.255.255.0 |   enp0s3  |   U   |
[    9.563070] cloud-init[930]: ci-info: +-------+-------------+----------+---------------+-----------+-------+
[    9.563367] cloud-init[930]: ci-info: +++++++++++++++++++Route IPv6 info+++++++++++++++++++
[    9.563679] cloud-init[930]: ci-info: +-------+-------------+---------+-----------+-------+
[    9.563961] cloud-init[930]: ci-info: | Route | Destination | Gateway | Interface | Flags |
[    9.564585] cloud-init[930]: ci-info: +-------+-------------+---------+-----------+-------+
[    9.564856] cloud-init[930]: ci-info: |   0   |  fe80::/64  |    ::   |   enp0s3  |   U   |
[    9.565140] cloud-init[930]: ci-info: |   3   |   ff00::/8  |    ::   |   enp0s3  |   U   |
[    9.565437] cloud-init[930]: ci-info: +-------+-------------+---------+-----------+-------+
[    9.565859] cloud-init[930]: Generating public/private rsa key pair.
[    9.566011] cloud-init[930]: Your identification has been saved in /etc/ssh/ssh_host_rsa_key.
[    9.566298] cloud-init[930]: Your public key has been saved in /etc/ssh/ssh_host_rsa_key.pub.
[    9.566320] cloud-init[930]: The key fingerprint is:
[    9.566613] cloud-init[930]: SHA256:N9BpE33D3jnwyoWGJ/7lScUK8PYRaJ4yTVx/q0qcn5k root@ubuntu-xenial
[    9.566897] cloud-init[930]: The key's randomart image is:
[    9.567184] cloud-init[930]: +---[RSA 2048]----+
[    9.567477] cloud-init[930]: |          .o +.  |
[    9.567760] cloud-init[930]: |         ..o*.=. |
[    9.568400] cloud-init[930]: |        . =B.++=+|
[    9.568664] cloud-init[930]: |         oo+B+o=*|
[    9.568952] cloud-init[930]: |        S ++=oo+o|
[    9.569235] cloud-init[930]: |         ..o.o+o |
[    9.569518] cloud-init[930]: |           +..+ .|
[    9.569807] cloud-init[930]: |          . o.+o |
[    9.570092] cloud-init[930]: |           . E   |
[    9.570460] cloud-init[930]: +----[SHA256]-----+
[    9.570782] cloud-init[930]: Generating public/private dsa key pair.
[    9.571094] cloud-init[930]: Your identification has been saved in /etc/ssh/ssh_host_dsa_key.
[    9.571392] cloud-init[930]: Your public key has been saved in /etc/ssh/ssh_host_dsa_key.pub.
[    9.571675] cloud-init[930]: The key fingerprint is:
[    9.571963] cloud-init[930]: SHA256:9f4RfyNEroe/v/fO5p/RdLF17t8rNYiZvlPDZ2Y49TY root@ubuntu-xenial
[    9.572869] cloud-init[930]: The key's randomart image is:
[    9.573121] cloud-init[930]: +---[DSA 1024]----+
[    9.573407] cloud-init[930]: |                 |
[    9.573694] cloud-init[930]: |                 |
[    9.573979] cloud-init[930]: |          .  . .o|
[    9.574270] cloud-init[930]: |         . .o  o=|
[    9.574564] cloud-init[930]: |        S   *o=.=|
[    9.574853] cloud-init[930]: |           =+B E=|
[    9.575156] cloud-init[930]: |          .oooX+B|
[    9.575437] cloud-init[930]: |           ooo.oX|
[    9.575725] cloud-init[930]: |           .oo=O#|
[    9.576164] cloud-init[930]: +----[SHA256]-----+
[    9.576348] cloud-init[930]: Generating public/private ecdsa key pair.
[    9.576633] cloud-init[930]: Your identification has been saved in /etc/ssh/ssh_host_ecdsa_key.
[    9.576918] cloud-init[930]: Your public key has been saved in /etc/ssh/ssh_host_ecdsa_key.pub.
[    9.577222] cloud-init[930]: The key fingerprint is:
[    9.577511] cloud-init[930]: SHA256:n2/iUHa7Gc7VdjOM2fEJEy+a2sM+XCHp03C+YhnVCyI root@ubuntu-xenial
[    9.577795] cloud-init[930]: The key's randomart image is:
[    9.578082] cloud-init[930]: +---[ECDSA 256]---+
[    9.578384] cloud-init[930]: |                 |
[    9.578669] cloud-init[930]: |                 |
[    9.578969] cloud-init[930]: |            ...  |
[    9.579249] cloud-init[930]: |         E = =o. |
[    9.579538] cloud-init[930]: |        S = X+oo.|
[    9.579828] cloud-init[930]: |         + *o=Oo+|
[    9.580454] cloud-init[930]: |        . =oBoo*=|
[    9.580728] cloud-init[930]: |         .+%.* .+|
[    9.581024] cloud-init[930]: |         o+=X    |
[    9.581306] cloud-init[930]: +----[SHA256]-----+
[    9.581597] cloud-init[930]: Generating public/private ed25519 key pair.
[    9.581892] cloud-init[930]: Your identification has been saved in /etc/ssh/ssh_host_ed25519_key.
[    9.582174] cloud-init[930]: Your public key has been saved in /etc/ssh/ssh_host_ed25519_key.pub.
[    9.582464] cloud-init[930]: The key fingerprint is:
[    9.582753] cloud-init[930]: SHA256:5vPJVrqN/JgfCdfnnt1V+rtoKbp9ScOQLsgjRVxtQ9I root@ubuntu-xenial
[    9.655142] cloud-init[930]: The key's randomart image is:
[    9.655359] cloud-init[930]: +--[ED25519 256]--+
[    9.655651] cloud-init[930]: |      . .o+.     |
[    9.655935] cloud-init[930]: |       o  .E     |
[    9.656559] cloud-init[930]: |      .   . o    |
[    9.656844] cloud-init[930]: |       .   o .   |
[    9.657126] cloud-init[930]: |      o S o + . o|
[    9.657411] cloud-init[930]: |     . * . +.= +.|
[    9.657702] cloud-init[930]: |      . + .o+ = o|
[    9.657989] cloud-init[930]: |         =+B *.o=|
[    9.658456] cloud-init[930]: |         +%=B. +B|
[    9.658573] cloud-init[930]: +----[SHA256]-----+
[[0;32m  OK  [0m] Started ACPI Events Check.
[[0;32m  OK  [0m] Reached target Paths.
         Starting LXD - unix socket.
[[0;32m  OK  [0m] Started Ubuntu Advantage update messaging.
[[0;32m  OK  [0m] Started Daily apt download activities.
[[0;32m  OK  [0m] Started Daily apt upgrade and clean activities.
[[0;32m  OK  [0m] Reached target Timers.
         Starting Socket activation for snappy daemon.
[[0;32m  OK  [0m] Reached target Cloud-config availability.
[[0;32m  OK  [0m] Listening on LXD - unix socket.
[[0;32m  OK  [0m] Listening on Socket activation for snappy daemon.
[[0;32m  OK  [0m] Started iSCSI initiator daemon (iscsid).
         Starting Login to default iSCSI targets...
[[0;32m  OK  [0m] Reached target Sockets.
[[0;32m  OK  [0m] Reached target Basic System.
         Starting /etc/rc.local Compatibility...
         Starting Pollinate to seed the pseudo random number generator...
[[0;32m  OK  [0m] Started FUSE filesystem for LXC.
         Starting Login Service...
         Starting LSB: MD monitoring daemon...
         Starting Accounts Service...
[[0;32m  OK  [0m] Started Deferred execution scheduler.
         Starting LSB: Record successful boot for GRUB...
         Starting System Logging Service...
[[0;32m  OK  [0m] Started D-Bus System Message Bus.
         Starting Snap Daemon...
[[0;32m  OK  [0m] Started Regular background program processing daemon.
[[0;32m  OK  [0m] Started ACPI event daemon.
         Starting Virtualbox guest utils...
         Starting LXD - container startup/shutdown...
[[0;32m  OK  [0m] Started System Logging Service.
[[0;32m  OK  [0m] Started /etc/rc.local Compatibility.
[[0;32m  OK  [0m] Started Login Service.
[[0;32m  OK  [0m] Started Unattended Upgrades Shutdown.
         Starting Authenticate and Authorize Users to Run Privileged Tasks...
[[0;32m  OK  [0m] Started LSB: Record successful boot for GRUB.
[[0;32m  OK  [0m] Started LSB: MD monitoring daemon.
[[0;32m  OK  [0m] Started Login to default iSCSI targets.
[[0;32m  OK  [0m] Reached target Remote File Systems (Pre).
[[0;32m  OK  [0m] Reached target Remote File Systems.
         Starting LSB: Set the CPU Frequency Scaling governor to "ondemand"...
         Starting Permit User Sessions...
         Starting LSB: daemon to balance interrupts for SMP systems...
         Starting LSB: automatic crash report generation...
[[0;32m  OK  [0m] Started Permit User Sessions.
         Starting Terminate Plymouth Boot Screen...
         Starting Hold until boot process finishes up...
[[0;32m  OK  [0m] Started Terminate Plymouth Boot Screen.
[[0;32m  OK  [0m] Started LXD - container startup/shutdown.
[[0;32m  OK  [0m] Started Hold until boot process finishes up.
[[0;32m  OK  [0m] Started Virtualbox guest utils.
[[0;32m  OK  [0m] Started Authenticate and Authorize Users to Run Privileged Tasks.
[[0;32m  OK  [0m] Started Accounts Service.
[[0;32m  OK  [0m] Started Getty on tty1.
[[0;32m  OK  [0m] Started Serial Getty on ttyS0.
[[0;32m  OK  [0m] Reached target Login Prompts.
         Starting Set console scheme...
[[0;32m  OK  [0m] Started LSB: Set the CPU Frequency Scaling governor to "ondemand".
[[0;32m  OK  [0m] Started LSB: daemon to balance interrupts for SMP systems.
[[0;32m  OK  [0m] Started LSB: automatic crash report generation.
[[0;32m  OK  [0m] Started Set console scheme.
[[0;32m  OK  [0m] Started Pollinate to seed the pseudo random number generator.
         Starting OpenBSD Secure Shell server...
[[0;32m  OK  [0m] Started OpenBSD Secure Shell server.
[[0;32m  OK  [0m] Started Snap Daemon.
         Starting Wait until snapd is fully seeded...
[[0;32m  OK  [0m] Created slice User Slice of vagrant.
         Starting User Manager for UID 1000...
[[0;32m  OK  [0m] Started Session 1 of user vagrant.
[[0;32m  OK  [0m] Started User Manager for UID 1000.
[[0;32m  OK  [0m] Started Wait until snapd is fully seeded.
         Starting Apply the settings specified in cloud-config...
[[0;32m  OK  [0m] Reached target Multi-User System.
[[0;32m  OK  [0m] Reached target Graphical Interface.
         Starting Update UTMP about System Runlevel Changes...
[[0;32m  OK  [0m] Started Update UTMP about System Runlevel Changes.
[   12.166443] cloud-init[1370]: Generating locales (this might take a while)...
[   13.228720] cloud-init[1370]:   en_US.UTF-8... done
[   13.237840] cloud-init[1370]: Generation complete.
[   13.517572] cloud-init[1370]: Cloud-init v. 21.1-19-gbad84ad4-0ubuntu1~16.04.2 running 'modules:config' at Tue, 14 Dec 2021 09:26:54 +0000. Up 12.07 seconds.
[[0;32m  OK  [0m] Started Apply the settings specified in cloud-config.
         Starting Execute cloud user/final scripts...
ci-info: no authorized SSH keys fingerprints found for user ubuntu.
<14>Dec 14 09:26:56 ec2: 
<14>Dec 14 09:26:56 ec2: #############################################################
<14>Dec 14 09:26:56 ec2: -----BEGIN SSH HOST KEY FINGERPRINTS-----
<14>Dec 14 09:26:56 ec2: 1024 SHA256:9f4RfyNEroe/v/fO5p/RdLF17t8rNYiZvlPDZ2Y49TY root@ubuntu-xenial (DSA)
<14>Dec 14 09:26:56 ec2: 256 SHA256:n2/iUHa7Gc7VdjOM2fEJEy+a2sM+XCHp03C+YhnVCyI root@ubuntu-xenial (ECDSA)
<14>Dec 14 09:26:56 ec2: 256 SHA256:5vPJVrqN/JgfCdfnnt1V+rtoKbp9ScOQLsgjRVxtQ9I root@ubuntu-xenial (ED25519)
<14>Dec 14 09:26:56 ec2: 2048 SHA256:N9BpE33D3jnwyoWGJ/7lScUK8PYRaJ4yTVx/q0qcn5k root@ubuntu-xenial (RSA)
<14>Dec 14 09:26:56 ec2: -----END SSH HOST KEY FINGERPRINTS-----
<14>Dec 14 09:26:56 ec2: #############################################################
-----BEGIN SSH HOST KEY KEYS-----
ecdsa-sha2-nistp256 AAAAE2VjZHNhLXNoYTItbmlzdHAyNTYAAAAIbmlzdHAyNTYAAABBBAJ8oKoQWxMlvXmg0epV1JDyfCAsxQARESyIZrmudCE5MRQxLPb5ugRfWlXRPYLmKuBjFqxPvtBEAIwti+lW7yo= root@ubuntu-xenial
ssh-ed25519 AAAAC3NzaC1lZDI1NTE5AAAAIDORMtfpq2NcfwDkFPVjh3JQMkbxkIt2JmoqhxY5QlKZ root@ubuntu-xenial
ssh-rsa AAAAB3NzaC1yc2EAAAADAQABAAABAQDL3waxGrbaivwtTo6l+pWKZr4Vpkv/iCBXVVOGtgGKLQUWzdYhr/YKzCrv37wgg7gJLgPqLFjBwT6Stvr6QO70TeeBAtEKOvczINwv8IOT7UVFF1SbIivPj3dkc6tyz4c+HNTwl8Negvkjt4fB+lYNtYLMv0VqGcb4liYw04RmIpltomm5s/wszXw7N2XpECJHlSICf6U1FadxWbWTvooSXlMcBEMiO8VewvqoksJxKd5/CQq0zrlwBCQcLDO+NqaiWXC+78cAqW9ShlZyY8D7+gEUQbLy0fy86UT7F1m+ze74tBLgPjubrvZt3g5PBpOG4uMRS+T4X68+kIf0Kgaz root@ubuntu-xenial
-----END SSH HOST KEY KEYS-----
[   13.913510] cloud-init[1519]: Cloud-init v. 21.1-19-gbad84ad4-0ubuntu1~16.04.2 running 'modules:final' at Tue, 14 Dec 2021 09:26:56 +0000. Up 13.75 seconds.
[   13.919989] cloud-init[1519]: ci-info: no authorized SSH keys fingerprints found for user ubuntu.
[   13.926945] cloud-init[1519]: Cloud-init v. 21.1-19-gbad84ad4-0ubuntu1~16.04.2 finished at Tue, 14 Dec 2021 09:26:56 +0000. Datasource DataSourceNoCloud [seed=/dev/sdb][dsmode=net].  Up 13.90 seconds
[[0;32m  OK  [0m] Started Execute cloud user/final scripts.
[[0;32m  OK  [0m] Reached target Cloud-init target.

Ubuntu 16.04.7 LTS ubuntu-xenial ttyS0

ubuntu-xenial login: 